app/build/intermediates/manifest_merge_blame_file/debug/processDebugMainManifest/manifest-merger-blame-debug-report.txt
1<?xml version="1.0" encoding="utf-8"?>
2<manifest xmlns:android="http://schemas.android.com/apk/res/android"
3    package="com.robotui.mvp"
4    android:versionCode="1"
5    android:versionName="1.0" >
6
7    <uses-sdk
8        android:minSdkVersion="26"
9        android:targetSdkVersion="36" />
10
11    <application
11-->src/main/AndroidManifest.xml:4:5-21:19
12        android:allowBackup="true"
12-->src/main/AndroidManifest.xml:5:9-35
13        android:debuggable="true"
14        android:extractNativeLibs="false"
15        android:hardwareAccelerated="true"
15-->src/main/AndroidManifest.xml:6:9-43
16        android:label="@string/app_name"
16-->src/main/AndroidManifest.xml:7:9-41
17        android:supportsRtl="true"
17-->src/main/AndroidManifest.xml:8:9-35
18        android:theme="@style/Theme.RobotUI" >
18-->src/main/AndroidManifest.xml:9:9-45
19        <activity
19-->src/main/AndroidManifest.xml:10:9-20:20
20            android:name="com.robotui.mvp.MainActivity"
20-->src/main/AndroidManifest.xml:11:13-41
21            android:configChanges="keyboard|keyboardHidden|orientation|screenSize"
21-->src/main/AndroidManifest.xml:12:13-83
22            android:exported="true"
22-->src/main/AndroidManifest.xml:13:13-36
23            android:screenOrientation="landscape" >
23-->src/main/AndroidManifest.xml:14:13-50
24            <intent-filter>
24-->src/main/AndroidManifest.xml:15:13-19:29
25                <action android:name="android.intent.action.MAIN" />
25-->src/main/AndroidManifest.xml:16:17-69
25-->src/main/AndroidManifest.xml:16:25-66
26
27                <category android:name="android.intent.category.LAUNCHER" />
27-->src/main/AndroidManifest.xml:18:17-77
27-->src/main/AndroidManifest.xml:18:27-74
28            </intent-filter>
29        </activity>
30    </application>
31
32</manifest>